<?xml version="1.0" encoding="UTF-8"?>
<testng-results ignored="0" total="1" passed="1" failed="0" skipped="0">
  <reporter-output>
  </reporter-output>
  <suite started-at="2025-06-21T19:01:16 IST" name="Default suite" finished-at="2025-06-21T19:01:32 IST" duration-ms="15368">
    <groups>
    </groups>
    <test started-at="2025-06-21T19:01:16 IST" name="Default test" finished-at="2025-06-21T19:01:32 IST" duration-ms="15368">
      <class name="orangehrm_tests.LoginTest">
        <test-method is-config="true" signature="setUp()[pri:0, instance:orangehrm_tests.LoginTest@639c2c1d]" started-at="2025-06-21T19:01:16 IST" name="setUp" finished-at="2025-06-21T19:01:26 IST" duration-ms="9930" status="PASS">
          <reporter-output>
          </reporter-output>
        </test-method> <!-- setUp -->
        <test-method signature="testValidLogin()[pri:0, instance:orangehrm_tests.LoginTest@639c2c1d]" started-at="2025-06-21T19:01:26 IST" name="testValidLogin" finished-at="2025-06-21T19:01:31 IST" duration-ms="5127" status="PASS">
          <reporter-output>
          </reporter-output>
        </test-method> <!-- testValidLogin -->
        <test-method is-config="true" signature="tearDown()[pri:0, instance:orangehrm_tests.LoginTest@639c2c1d]" started-at="2025-06-21T19:01:31 IST" name="tearDown" finished-at="2025-06-21T19:01:32 IST" duration-ms="241" status="PASS">
          <reporter-output>
          </reporter-output>
        </test-method> <!-- tearDown -->
      </class> <!-- orangehrm_tests.LoginTest -->
    </test> <!-- Default test -->
  </suite> <!-- Default suite -->
</testng-results>
