<?xml version="1.0" encoding="UTF-8"?>
<testng-results ignored="0" total="1" passed="1" failed="0" skipped="0">
  <reporter-output>
  </reporter-output>
  <suite started-at="2025-06-20T22:12:11 IST" name="Default suite" finished-at="2025-06-20T22:12:56 IST" duration-ms="45256">
    <groups>
    </groups>
    <test started-at="2025-06-20T22:12:11 IST" name="Default test" finished-at="2025-06-20T22:12:56 IST" duration-ms="45256">
      <class name="orangehrm_tests.LoginTest">
        <test-method is-config="true" signature="setUp()[pri:0, instance:orangehrm_tests.LoginTest@515c6049]" started-at="2025-06-20T22:12:11 IST" name="setUp" finished-at="2025-06-20T22:12:56 IST" duration-ms="44875" status="PASS">
          <reporter-output>
          </reporter-output>
        </test-method> <!-- setUp -->
        <test-method signature="testTitle()[pri:0, instance:orangehrm_tests.LoginTest@515c6049]" started-at="2025-06-20T22:12:56 IST" name="testTitle" finished-at="2025-06-20T22:12:56 IST" duration-ms="29" status="PASS">
          <reporter-output>
          </reporter-output>
        </test-method> <!-- testTitle -->
        <test-method is-config="true" signature="tearDown()[pri:0, instance:orangehrm_tests.LoginTest@515c6049]" started-at="2025-06-20T22:12:56 IST" name="tearDown" finished-at="2025-06-20T22:12:56 IST" duration-ms="233" status="PASS">
          <reporter-output>
          </reporter-output>
        </test-method> <!-- tearDown -->
      </class> <!-- orangehrm_tests.LoginTest -->
    </test> <!-- Default test -->
  </suite> <!-- Default suite -->
</testng-results>
